<?xml version="1.0" encoding="UTF-8"?>
<!-- Generated by org.testng.reporters.JUnitXMLReporter -->
<testsuite hostname="shironamheen" ignored="0" name="Book A Flight Test" tests="2" failures="0" timestamp="28 Oct 2017 00:02:14 GMT" time="2.762" errors="0">
  <testcase name="checkBookFlightPageTitle" time="1.14" classname="com.rezaul.newtours.Test.BookFlightTest"/>
  <testcase name="bookflighttest" time="1.568" classname="com.rezaul.newtours.Test.BookFlightTest"/>
</testsuite> <!-- Book A Flight Test -->
