<?xml version="1.0" encoding="UTF-8"?>
<!-- Generated by org.testng.reporters.JUnitXMLReporter -->
<testsuite hostname="shironamheen" ignored="0" name="Driver Test" tests="3" failures="0" timestamp="27 Oct 2017 18:13:15 GMT" time="16.366" errors="0">
  <testcase name="driverexecution" time="0.008" classname="com.rezaul.newtours.Utils.DriverManager"/>
  <testcase name="checkloginpagetitle" time="15.156" classname="com.rezaul.newtours.Test.LoginTest"/>
  <testcase name="logintest" time="1.175" classname="com.rezaul.newtours.Test.LoginTest"/>
</testsuite> <!-- Driver Test -->
