<?xml version="1.0" encoding="UTF-8"?>
<!-- Generated by org.testng.reporters.JUnitXMLReporter -->
<testsuite hostname="shironamheen" ignored="0" name="Flight Finder Test" tests="2" failures="0" timestamp="28 Oct 2017 00:02:10 GMT" time="6.199" errors="0">
  <testcase name="checkFlightFindPageTitle" time="3.325" classname="com.rezaul.newtours.Test.FlightFinderTest"/>
  <testcase name="flightfindertest" time="2.786" classname="com.rezaul.newtours.Test.FlightFinderTest"/>
</testsuite> <!-- Flight Finder Test -->
