<?xml version="1.0" encoding="UTF-8"?>
<!-- Generated by org.testng.reporters.JUnitXMLReporter -->
<testsuite hostname="shironamheen" ignored="0" name="Login Test" tests="3" failures="0" timestamp="28 Oct 2017 00:02:04 GMT" time="5.141" errors="0">
  <testcase name="driverexecution" time="0.008" classname="com.rezaul.newtours.Utils.DriverManager"/>
  <testcase name="checkloginpagetitle" time="3.866" classname="com.rezaul.newtours.Test.LoginTest"/>
  <testcase name="logintest" time="0.609" classname="com.rezaul.newtours.Test.LoginTest"/>
</testsuite> <!-- Login Test -->
