<?xml version="1.0" encoding="UTF-8"?>
<!-- Generated by org.testng.reporters.JUnitXMLReporter -->
<testsuite hostname="shironamheen" ignored="0" name="Select A Flight Test" tests="2" failures="0" timestamp="28 Oct 2017 00:02:12 GMT" time="1.71" errors="0">
  <testcase name="checkSelectFlightPageTitle" time="1.138" classname="com.rezaul.newtours.Test.SelectFlightTest"/>
  <testcase name="selectflighttest" time="0.569" classname="com.rezaul.newtours.Test.SelectFlightTest"/>
</testsuite> <!-- Select A Flight Test -->
